2016-03-14 10:20:41 trace :
------------
String:
<xml><ToUserName><![CDATA[gh_d6e03a1f37f3]]></ToUserName>
<FromUserName><![CDATA[oDMJXt6UEbQUm9GaCLhBfURTet6U]]></FromUserName>
<CreateTime>1457922041</CreateTime>
<MsgType><![CDATA[event]]></MsgType>
<Event><![CDATA[unsubscribe]]></Event>
<EventKey><![CDATA[]]></EventKey>
</xml>

2016-03-14 10:21:03 trace :
------------
String:
<xml><ToUserName><![CDATA[gh_d6e03a1f37f3]]></ToUserName>
<FromUserName><![CDATA[oDMJXt6UEbQUm9GaCLhBfURTet6U]]></FromUserName>
<CreateTime>1457922063</CreateTime>
<MsgType><![CDATA[event]]></MsgType>
<Event><![CDATA[subscribe]]></Event>
<EventKey><![CDATA[]]></EventKey>
</xml>

2016-03-14 10:21:03 params :
------------
Array:
message : Array ;
module : basic ;
rule : 9 ;
priority : 0 ;
keyword : Array ;

2016-03-14 10:21:03 response :
------------
Array:
FromUserName : gh_d6e03a1f37f3 ;
ToUserName : oDMJXt6UEbQUm9GaCLhBfURTet6U ;
MsgType : text ;
Content : 测试，你也好！ ;

2016-03-14 10:21:18 trace :
------------
String:
<xml><ToUserName><![CDATA[gh_d6e03a1f37f3]]></ToUserName>
<FromUserName><![CDATA[oDMJXt6UEbQUm9GaCLhBfURTet6U]]></FromUserName>
<CreateTime>1457922078</CreateTime>
<MsgType><![CDATA[text]]></MsgType>
<Content><![CDATA[pretty]]></Content>
<MsgId>6261727645535477992</MsgId>
</xml>

2016-03-14 10:21:18 params :
------------
Array:
message : Array ;
module : default ;
rule : -1 ;

2016-03-14 10:21:18 response :
------------

2016-03-14 10:27:03 trace :
------------
String:
<xml><ToUserName><![CDATA[gh_d6e03a1f37f3]]></ToUserName>
<FromUserName><![CDATA[oDMJXt6UEbQUm9GaCLhBfURTet6U]]></FromUserName>
<CreateTime>1457922422</CreateTime>
<MsgType><![CDATA[text]]></MsgType>
<Content><![CDATA[jjj]]></Content>
<MsgId>6261729123004227934</MsgId>
</xml>

2016-03-14 10:27:03 params :
------------
Array:
message : Array ;
module : default ;
rule : -1 ;

2016-03-14 10:27:03 response :
------------

2016-03-14 10:32:39 trace :
------------
String:
<xml><ToUserName><![CDATA[gh_d6e03a1f37f3]]></ToUserName>
<FromUserName><![CDATA[oDMJXt6UEbQUm9GaCLhBfURTet6U]]></FromUserName>
<CreateTime>1457922758</CreateTime>
<MsgType><![CDATA[text]]></MsgType>
<Content><![CDATA[ggg]]></Content>
<MsgId>6261730566113239533</MsgId>
</xml>

2016-03-14 10:32:39 params :
------------
Array:
message : Array ;
module : default ;
rule : -1 ;

2016-03-14 10:32:39 response :
------------

2016-03-14 10:37:05 trace :
------------
String:
<xml><ToUserName><![CDATA[gh_d6e03a1f37f3]]></ToUserName>
<FromUserName><![CDATA[oDMJXt6UEbQUm9GaCLhBfURTet6U]]></FromUserName>
<CreateTime>1457923025</CreateTime>
<MsgType><![CDATA[event]]></MsgType>
<Event><![CDATA[unsubscribe]]></Event>
<EventKey><![CDATA[]]></EventKey>
</xml>

2016-03-14 10:37:21 trace :
------------
String:
<xml><ToUserName><![CDATA[gh_d6e03a1f37f3]]></ToUserName>
<FromUserName><![CDATA[oDMJXt6UEbQUm9GaCLhBfURTet6U]]></FromUserName>
<CreateTime>1457923040</CreateTime>
<MsgType><![CDATA[event]]></MsgType>
<Event><![CDATA[subscribe]]></Event>
<EventKey><![CDATA[]]></EventKey>
</xml>

2016-03-14 10:37:21 params :
------------
Array:
message : Array ;
module : basic ;
rule : 9 ;
priority : 0 ;
keyword : Array ;

2016-03-14 10:37:21 response :
------------
Array:
FromUserName : gh_d6e03a1f37f3 ;
ToUserName : oDMJXt6UEbQUm9GaCLhBfURTet6U ;
MsgType : text ;
Content : 测试，你也好！ ;

2016-03-14 10:37:28 trace :
------------
String:
<xml><ToUserName><![CDATA[gh_d6e03a1f37f3]]></ToUserName>
<FromUserName><![CDATA[oDMJXt6UEbQUm9GaCLhBfURTet6U]]></FromUserName>
<CreateTime>1457923048</CreateTime>
<MsgType><![CDATA[text]]></MsgType>
<Content><![CDATA[aaa]]></Content>
<MsgId>6261731811653755521</MsgId>
</xml>

2016-03-14 10:37:28 params :
------------
Array:
message : Array ;
module : default ;
rule : -1 ;

2016-03-14 10:37:28 response :
------------

